<?xml version="1.0" encoding="UTF-8"?>
<testsuite xmlns:xsi="http://www.w3.org/2001/XMLSchema-instance" xsi:noNamespaceSchemaLocation="https://maven.apache.org/surefire/maven-surefire-plugin/xsd/surefire-test-report-3.0.xsd" version="3.0" name="fr.uge.sed.StreamEditorTest$Q4" time="0.016" tests="11" errors="0" skipped="0" failures="0">
  <properties>
    <property name="java.specification.version" value="20"/>
    <property name="sun.cpu.isalist" value="amd64"/>
    <property name="sun.jnu.encoding" value="Cp1252"/>
    <property name="java.class.path" value="C:\Users\maxou\OneDrive\Desktop\Java\java-avance\sed\target\test-classes;C:\Users\maxou\OneDrive\Desktop\Java\java-avance\sed\target\classes;C:\Users\maxou\.m2\repository\org\junit\jupiter\junit-jupiter-api\5.10.0\junit-jupiter-api-5.10.0.jar;C:\Users\maxou\.m2\repository\org\opentest4j\opentest4j\1.3.0\opentest4j-1.3.0.jar;C:\Users\maxou\.m2\repository\org\junit\platform\junit-platform-commons\1.10.0\junit-platform-commons-1.10.0.jar;C:\Users\maxou\.m2\repository\org\apiguardian\apiguardian-api\1.1.2\apiguardian-api-1.1.2.jar;"/>
    <property name="java.vm.vendor" value="Oracle Corporation"/>
    <property name="sun.arch.data.model" value="64"/>
    <property name="user.variant" value=""/>
    <property name="java.vendor.url" value="https://java.oracle.com/"/>
    <property name="user.timezone" value="Europe/Paris"/>
    <property name="os.name" value="Windows 11"/>
    <property name="java.vm.specification.version" value="20"/>
    <property name="sun.java.launcher" value="SUN_STANDARD"/>
    <property name="user.country" value="FR"/>
    <property name="sun.boot.library.path" value="C:\Users\maxou\OneDrive\Desktop\Java\jdk-20.0.2\bin"/>
    <property name="sun.java.command" value="C:\Users\maxou\AppData\Local\Temp\surefire1174999587027905282\surefirebooter-20230919202900290_3.jar C:\Users\maxou\AppData\Local\Temp\surefire1174999587027905282 2023-09-19T20-29-00_194-jvmRun1 surefire-20230919202900290_1tmp surefire_0-20230919202900290_2tmp"/>
    <property name="jdk.debug" value="release"/>
    <property name="surefire.test.class.path" value="C:\Users\maxou\OneDrive\Desktop\Java\java-avance\sed\target\test-classes;C:\Users\maxou\OneDrive\Desktop\Java\java-avance\sed\target\classes;C:\Users\maxou\.m2\repository\org\junit\jupiter\junit-jupiter-api\5.10.0\junit-jupiter-api-5.10.0.jar;C:\Users\maxou\.m2\repository\org\opentest4j\opentest4j\1.3.0\opentest4j-1.3.0.jar;C:\Users\maxou\.m2\repository\org\junit\platform\junit-platform-commons\1.10.0\junit-platform-commons-1.10.0.jar;C:\Users\maxou\.m2\repository\org\apiguardian\apiguardian-api\1.1.2\apiguardian-api-1.1.2.jar;"/>
    <property name="sun.cpu.endian" value="little"/>
    <property name="user.home" value="C:\Users\maxou"/>
    <property name="user.language" value="fr"/>
    <property name="java.specification.vendor" value="Oracle Corporation"/>
    <property name="java.version.date" value="2023-07-18"/>
    <property name="java.home" value="C:\Users\maxou\OneDrive\Desktop\Java\jdk-20.0.2"/>
    <property name="file.separator" value="\"/>
    <property name="basedir" value="C:\Users\maxou\OneDrive\Desktop\Java\java-avance\sed"/>
    <property name="style.color" value="always"/>
    <property name="java.vm.compressedOopsMode" value="Zero based"/>
    <property name="line.separator" value="&#10;"/>
    <property name="java.vm.specification.vendor" value="Oracle Corporation"/>
    <property name="java.specification.name" value="Java Platform API Specification"/>
    <property name="surefire.real.class.path" value="C:\Users\maxou\AppData\Local\Temp\surefire1174999587027905282\surefirebooter-20230919202900290_3.jar"/>
    <property name="user.script" value=""/>
    <property name="sun.management.compiler" value="HotSpot 64-Bit Tiered Compilers"/>
    <property name="java.runtime.version" value="20.0.2+9-78"/>
    <property name="user.name" value="maxou"/>
    <property name="stdout.encoding" value="Cp1252"/>
    <property name="path.separator" value=";"/>
    <property name="os.version" value="10.0"/>
    <property name="java.runtime.name" value="Java(TM) SE Runtime Environment"/>
    <property name="file.encoding" value="UTF-8"/>
    <property name="java.vm.name" value="Java HotSpot(TM) 64-Bit Server VM"/>
    <property name="localRepository" value="C:\Users\maxou\.m2\repository"/>
    <property name="java.vendor.url.bug" value="https://bugreport.java.com/bugreport/"/>
    <property name="java.io.tmpdir" value="C:\Users\maxou\AppData\Local\Temp\"/>
    <property name="java.version" value="20.0.2"/>
    <property name="user.dir" value="C:\Users\maxou\OneDrive\Desktop\Java\java-avance\sed"/>
    <property name="os.arch" value="amd64"/>
    <property name="java.vm.specification.name" value="Java Virtual Machine Specification"/>
    <property name="sun.os.patch.level" value=""/>
    <property name="native.encoding" value="Cp1252"/>
    <property name="java.library.path" value="C:\Users\maxou\OneDrive\Desktop\Java\jdk-20.0.2\bin;C:\WINDOWS\Sun\Java\bin;C:\WINDOWS\system32;C:\WINDOWS;C:/Users/maxou/.p2/pool/plugins/org.eclipse.justj.openjdk.hotspot.jre.full.win32.x86_64_17.0.6.v20230204-1729/jre/bin/server;C:/Users/maxou/.p2/pool/plugins/org.eclipse.justj.openjdk.hotspot.jre.full.win32.x86_64_17.0.6.v20230204-1729/jre/bin;C:\WINDOWS\system32;C:\WINDOWS;C:\WINDOWS\System32\Wbem;C:\WINDOWS\System32\WindowsPowerShell\v1.0\;C:\WINDOWS\System32\OpenSSH\;C:\Program Files\dotnet\;C:\Program Files\Git\cmd;C:\Program Files\nodejs\;C:\Users\maxou\AppData\Local\Microsoft\WindowsApps;;C:\Users\maxou\AppData\Local\Programs\Microsoft VS Code\bin;C:\Users\maxou\AppData\Roaming\npm;C:\WINDOWS\System32;;."/>
    <property name="java.vm.info" value="mixed mode, sharing"/>
    <property name="stderr.encoding" value="Cp1252"/>
    <property name="java.vendor" value="Oracle Corporation"/>
    <property name="java.vm.version" value="20.0.2+9-78"/>
    <property name="sun.io.unicode.encoding" value="UnicodeLittle"/>
    <property name="java.class.version" value="64.0"/>
  </properties>
  <testcase name="createRulesUppercase" classname="fr.uge.sed.StreamEditorTest$Q4" time="0.002"/>
  <testcase name="deleteOneLine" classname="fr.uge.sed.StreamEditorTest$Q4" time="0.001"/>
  <testcase name="createRulesLowercaseDotlessI" classname="fr.uge.sed.StreamEditorTest$Q4" time="0.001"/>
  <testcase name="uppercaseSeveraLines" classname="fr.uge.sed.StreamEditorTest$Q4" time="0.001"/>
  <testcase name="createRulesUppercaseDotlessI" classname="fr.uge.sed.StreamEditorTest$Q4" time="0.001"/>
  <testcase name="createRulesMalformed" classname="fr.uge.sed.StreamEditorTest$Q4" time="0.001"/>
  <testcase name="stripSeveraLines" classname="fr.uge.sed.StreamEditorTest$Q4" time="0.0"/>
  <testcase name="createRulesUpperCaseNonLatin" classname="fr.uge.sed.StreamEditorTest$Q4" time="0.0"/>
  <testcase name="lowercaseSeveraLines" classname="fr.uge.sed.StreamEditorTest$Q4" time="0.001"/>
  <testcase name="createRulesLowercase" classname="fr.uge.sed.StreamEditorTest$Q4" time="0.002"/>
  <testcase name="createRulesStrip" classname="fr.uge.sed.StreamEditorTest$Q4" time="0.001"/>
</testsuite>